[Tue, 22 Jul 2014 18:56:39 +0400] (N); Создание схемы базы данных
[Tue, 22 Jul 2014 18:56:57 +0400] (N); Импорт данных
[Tue, 22 Jul 2014 18:57:01 +0400] (N); Создание демо
[Tue, 22 Jul 2014 18:57:08 +0400] (N); Установка дополнительного языка ru
[Tue, 22 Jul 2014 18:57:11 +0400] (N); Установка дополнительного языка ru
[Tue, 22 Jul 2014 18:57:22 +0400] (N); Установка дополнительного языка en
[Tue, 22 Jul 2014 18:57:25 +0400] (N); Установка дополнительного языка en
[Tue, 22 Jul 2014 18:57:53 +0400] (N); Модуль access_restrictions установлен
[Tue, 22 Jul 2014 18:57:53 +0400] (N); Модуль attachments установлен
[Tue, 22 Jul 2014 18:57:55 +0400] (N); Модуль banners установлен
[Tue, 22 Jul 2014 18:57:55 +0400] (N); Модуль barcode установлен
[Tue, 22 Jul 2014 18:57:56 +0400] (N); Модуль bestsellers установлен
[Tue, 22 Jul 2014 18:57:56 +0400] (N); Модуль buy_together установлен
[Tue, 22 Jul 2014 18:57:56 +0400] (N); Модуль catalog_mode установлен
[Tue, 22 Jul 2014 18:57:57 +0400] (N); Модуль customers_also_bought установлен
[Tue, 22 Jul 2014 18:57:57 +0400] (N); Модуль data_feeds установлен
[Tue, 22 Jul 2014 18:58:00 +0400] (N); Модуль discussion установлен
[Tue, 22 Jul 2014 18:58:00 +0400] (N); Модуль form_builder установлен
[Tue, 22 Jul 2014 18:58:02 +0400] (N); Модуль gift_certificates установлен
[Tue, 22 Jul 2014 18:58:02 +0400] (N); Модуль google_analytics установлен
[Tue, 22 Jul 2014 18:58:03 +0400] (N); Модуль google_sitemap установлен
[Tue, 22 Jul 2014 18:58:03 +0400] (N); Модуль hidpi установлен
[Tue, 22 Jul 2014 18:58:04 +0400] (N); Модуль hybrid_auth установлен
[Tue, 22 Jul 2014 18:58:04 +0400] (N); Модуль image_zoom установлен
[Tue, 22 Jul 2014 18:58:05 +0400] (N); Модуль janrain установлен
[Tue, 22 Jul 2014 18:58:05 +0400] (N); Модуль my_changes установлен
[Tue, 22 Jul 2014 18:58:08 +0400] (N); Модуль news_and_emails установлен
[Tue, 22 Jul 2014 18:58:09 +0400] (N); Модуль polls установлен
[Tue, 22 Jul 2014 18:58:09 +0400] (N); Модуль price_list установлен
[Tue, 22 Jul 2014 18:58:10 +0400] (N); Модуль required_products установлен
[Tue, 22 Jul 2014 18:58:11 +0400] (N); Модуль reward_points установлен
[Tue, 22 Jul 2014 18:58:12 +0400] (N); Модуль rma установлен
[Tue, 22 Jul 2014 18:58:13 +0400] (N); Модуль rss_feed установлен
[Tue, 22 Jul 2014 18:58:14 +0400] (N); Модуль seo установлен
[Tue, 22 Jul 2014 18:58:16 +0400] (N); Модуль social_buttons установлен
[Tue, 22 Jul 2014 18:58:17 +0400] (N); Модуль store_locator установлен
[Tue, 22 Jul 2014 18:58:18 +0400] (N); Модуль tags установлен
[Tue, 22 Jul 2014 18:58:19 +0400] (N); Модуль twigmo установлен
[Tue, 22 Jul 2014 18:58:23 +0400] (N); Модуль vendor_data_premoderation установлен
[Tue, 22 Jul 2014 18:58:24 +0400] (N); Модуль watermarks установлен
[Tue, 22 Jul 2014 18:58:24 +0400] (N); Модуль wishlist установлен
